<?xml version="1.0" encoding="UTF-8"?>
<testng-results ignored="0" total="1" passed="1" failed="0" skipped="0">
  <reporter-output>
  </reporter-output>
  <suite started-at="2023-09-12T15:22:50 IST" name="Default suite" finished-at="2023-09-12T15:22:56 IST" duration-ms="6453">
    <groups>
    </groups>
    <test started-at="2023-09-12T15:22:50 IST" name="Default test" finished-at="2023-09-12T15:22:56 IST" duration-ms="6453">
      <class name="com.example.NewTest">
        <test-method is-config="true" signature="init()[pri:0, instance:com.example.NewTest@4135c3b]" started-at="2023-09-12T15:22:50 IST" name="init" finished-at="2023-09-12T15:22:54 IST" duration-ms="3660" status="PASS">
          <reporter-output>
          </reporter-output>
        </test-method> <!-- init -->
        <test-method signature="searchthePagewithelement()[pri:1, instance:com.example.NewTest@4135c3b]" started-at="2023-09-12T15:22:54 IST" name="searchthePagewithelement" finished-at="2023-09-12T15:22:56 IST" duration-ms="2716" status="PASS">
          <reporter-output>
          </reporter-output>
        </test-method> <!-- searchthePagewithelement -->
      </class> <!-- com.example.NewTest -->
    </test> <!-- Default test -->
  </suite> <!-- Default suite -->
</testng-results>
